% New table sexy with column(s) composition woman station wheelchair discovery pop suburban midst though soil furthermore coal fifteen gang land become till dining etc writing ear companion secure start symbolic glory hunt route dna distinctive rabbit direction title proposal staff father describe sorry heavy explicit instinct vacuum everywhere ghost skirt debt aides stir lawsuit want elevator cream dance institution selected sixth scientific warmth expectation cute freely knowledge demonstrate elementary external nuclear myth incredible mexican mate created
% Printed 0 matching rows from sexy
% Printed 0 matching rows from sexy
% Printed 0 matching rows from sexy
% Printed 0 matching rows from sexy
% Created bst index for table sexy on column everywhere
% Added 34 rows to sexy from position 0 to 33
% Printed 0 matching rows from sexy
% Printed 22 matching rows from sexy
% Printed 0 matching rows from sexy
% Created bst index for table sexy on column glory
% Printed 0 matching rows from sexy
% Added 37 rows to sexy from position 34 to 70
% Deleted 0 rows from sexy
% New table partnership with column(s) honest red blanket vary row fully rose personality sexual crop slightly dock appreciation deputy disability honestly solar fiction confirm chicken proud yesterday marry fraud created
% Added 32 rows to partnership from position 0 to 31
% Printed 57 matching rows from sexy
% New table sick with column(s) hers virtually nowhere soldier button recall mrs complaint works familiar distant jewish attach rush cart cow maintain even necessity translation variable neck bullet decline graduate fun doubt flip forum sack confirm percentage birth chop military muslim fishing nobody cross regulator swell without reception subtle after integrate fifteen holy imply board shy pace catch criticism bless gang tool successfully increase disease word if unique artist tribal federal plate mutter scan jaw stroke air suggest because formation organizational casualty sentiment spiritual nice rabbit steer aide hurt convert obvious nothing created
% Added 36 rows to partnership from position 32 to 67
% Printed 0 matching rows from partnership
% Printed 0 rows from joining sexy to sexy
% Printed 71 matching rows from sexy
% Printed 71 matching rows from sexy
% Added 35 rows to partnership from position 68 to 102
% Printed 103 matching rows from partnership
% Printed 0 matching rows from sick
% Printed 0 matching rows from sick
% Printed 0 matching rows from sexy
% Printed 0 rows from joining sexy to sexy
% Added 37 rows to sick from position 0 to 36
% Printed 0 matching rows from sick
% Printed 0 matching rows from partnership
% Deleted 11 rows from partnership
% Printed 0 rows from joining sexy to sexy
% Printed 0 matching rows from partnership
% Created bst index for table sick on column neck
% Added 36 rows to sexy from position 71 to 106
% Created bst index for table sexy on column start
% Created hash index for table partnership on column honest
% Printed 15 rows from joining sick to partnership
% Table sick deleted
% Printed 92 matching rows from partnership
% Printed 107 matching rows from sexy
% Printed 107 matching rows from sexy
% Printed 107 matching rows from sexy
% Added 38 rows to sexy from position 107 to 144
% New table consecutive with column(s) conference unless likelihood later middle technician screening bicycle merchant rise accent original multiple suspect rifle clothing take relieve mom clerk international indian commitment outline trade faint swell contemporary interfere sacrifice surgeon earth witness pioneer honest union alarm court tune haul dose limit finance ethics distinguish fascinating refugee match supplier some desert tale carrier reception colonial weed custom exhibit fresh pleased advise frustrate wound it automatic blade format wash planning concrete mutter puzzle panel recipe only resort down texture peaceful shake each casual signal ship pain ancient fame instructor tongue created
% Printed 145 matching rows from sexy
% Printed 145 matching rows from sexy
% Created hash index for table partnership on column row
% Printed 92 matching rows from partnership
% Printed 0 rows from joining consecutive to sexy
% Printed 21 matching rows from sexy
% Printed 84 matching rows from partnership
% Printed 0 matching rows from consecutive
% Deleted 0 rows from consecutive
% Printed 0 matching rows from consecutive
% Printed 55 rows from joining partnership to sexy
% Deleted 1 rows from sexy
% Added 40 rows to consecutive from position 0 to 39
% Added 34 rows to consecutive from position 40 to 73
% Added 38 rows to consecutive from position 74 to 111
% Added 39 rows to consecutive from position 112 to 150
% Printed 151 matching rows from consecutive
% Added 30 rows to sexy from position 144 to 173
% Printed 151 matching rows from consecutive
% Printed 174 matching rows from sexy
% Printed 158 matching rows from sexy
% Printed 42 matching rows from partnership
% Added 30 rows to consecutive from position 151 to 180
% Printed 154 rows from joining sexy to sexy
% Printed 4 rows from joining sexy to partnership
% Printed 1 rows from joining partnership to partnership
% Printed 5 matching rows from sexy
% Added 38 rows to sexy from position 174 to 211
% Added 40 rows to partnership from position 92 to 131
% Deleted 0 rows from consecutive
% Printed 128 rows from joining partnership to sexy
% Added 38 rows to sexy from position 212 to 249
% Added 30 rows to sexy from position 250 to 279
% New table virtue with column(s) artistic football household identify concerning another proclaim bench engage adoption combined relation practitioner consistent purchase investor prosecutor instruct calculate throw apologize daily client bind created
% Printed 8 rows from joining sexy to partnership
% Created hash index for table virtue on column client
% Created hash index for table sexy on column start
% New table storm with column(s) oh lock depression hit away running notice depending trace quality thought rid poke personality cheer layer recovery debt halfway satisfaction ready food document integrity regain above toilet ability fact mysterious strictly provide presidential mainly interrupt boat interact plunge horrible against auto radar transaction sensation minority assure ridge deficit cap army exposure energy diplomat shower frontier magazine instead distract panel for strange access bonus gold young runner committee several purse possibly mobile session theology strip mutter broad provider carbohydrate poet celebrity achievement handful domain origin separate involve flee gather flexibility cheese picture obstacle dialogue proof apply care cut employment conclude impression upstairs importance suburb odds quite until item obviously honest galaxy classic whisper mix consultant forward horn couple construction shot large violation divorce damn sculpture constitutional prefer hair within buyer canvas study former helicopter accent scientist immediately clothes animal carrot select citizen cool ah familiar differ architect stranger star labor waste score single invention difference cognitive created
% Printed 0 matching rows from virtue
% Printed 280 matching rows from sexy
% Added 38 rows to consecutive from position 181 to 218
% New table noise with column(s) motor political essential part anyone shorts twin section sail offense fortune forbid table advance dish growth slight musical viewer institutional married nonetheless brain assume accusation backyard immediately outsider feel radical chemical initiative grain mistake appropriate denial beauty inflation cemetery silly guilt new bicycle which where magazine craft investor economics unity sink criticism exist dried aide factory melt visual swallow lately consciousness up historical playoff finding exciting pine society history few complicated expansion democrat number civilian point agent quantity hot stimulate ticket tolerance huh apply beef pain influential couch latin culture convert climate meet instantly ethics additional charity trainer public impress tumor hate spouse chaos why juror airplane disease moreover honor disabled invisible crush basic have descend individual occasional donate circle proud fresh advocate pound anxiety without expense volume ever shower welcome refuge perspective northeast admission normally schedule murder prison spine project seller capital gene cost dance occupation steal ambitious flash ceo lucky response drill courage crawl hand page federal worldwide regulate selection accept bulb already many when attend quality appreciate prove contain oil during stock created
% Printed 0 rows from joining virtue to partnership
% Printed 0 matching rows from storm
% Printed 219 matching rows from consecutive
% Printed 280 matching rows from sexy
% Printed 0 matching rows from storm
% Deleted 0 rows from storm
% Printed 132 matching rows from partnership
% Added 33 rows to consecutive from position 219 to 251
% Printed 0 matching rows from noise
% New table hungry with column(s) advise setting emergency process vacation aide but tv institution hunger channel profit competition experienced sit warn enforce fish whatever stranger pencil conversion finding sexual uncertain surface scream closely tennis card too excellent claim infection flower lover collector eat although cruise largely terrain loose scheme terrible use wealth dancer his member traditionally quantity infrastructure patrol possess hat thanksgiving one bond punishment cottage might historian rid lion constitutional encouraging declare reportedly insurance civilian assault killing transform certainly assure wonder alive illusion employ merchant global residence confrontation ratio breakfast lifetime without supposed learning speaker spit curve popular society theological delivery radiation weave bottle housing pray acceptable echo handful research tear criminal sustain mass rally platform beginning cooperation philosophical imagine enjoy vulnerable pulse predict perform consistent motion bag architect origin director terror exclusively wheelchair combine disease post moral motivate strain what spirit clean fine population oppose costly created
% Printed 0 rows from joining hungry to sexy
% Printed 0 rows from joining partnership to virtue
% Deleted 0 rows from storm
% Added 31 rows to hungry from position 0 to 30
% Created bst index for table consecutive on column haul
% Printed 252 matching rows from consecutive
% Printed 280 matching rows from sexy
% Printed 132 matching rows from partnership
% Printed 0 rows from joining storm to virtue
% Printed 0 matching rows from hungry
% Printed 280 matching rows from sexy
% Printed 0 matching rows from noise
% Deleted 0 rows from noise
% Printed 159 rows from joining partnership to consecutive
% Added 32 rows to storm from position 0 to 31
% Printed 121 matching rows from consecutive
% Printed 0 matching rows from noise
% Printed 169 rows from joining partnership to sexy
% Deleted 0 rows from noise
% Printed 0 rows from joining partnership to virtue
% Deleted 0 rows from partnership
% Printed 14 matching rows from storm
% Printed 0 rows from joining hungry to virtue
% Printed 0 rows from joining noise to consecutive
% New table gallery with column(s) alter design dissolve integrated publication kind seminar given diamond chunk auction warmth tomato visible neutral champion biography social pencil importantly compromise student enforcement security jewelry whereas yard bind sales maker shift everyday incentive dessert full oral inform illness philosophy stretch look promising evolve plead professor end nor removal missionary rating sibling recommend mental crime log native intervention southwest starting main senate sack increase accusation tribe drum state tiny south exhibit endure sure remarkable wrong plate minimal created
% Printed 0 matching rows from noise
% Added 37 rows to virtue from position 0 to 36
% Printed 109 matching rows from consecutive
% Deleted 0 rows from gallery
% Created bst index for table noise on column volume
% Printed 1 rows from joining virtue to partnership
% Created hash index for table noise on column circle
% Created hash index for table partnership on column dock
% Printed 32 matching rows from virtue
% Printed 88 matching rows from consecutive
% Added 36 rows to virtue from position 37 to 72
% Printed 0 rows from joining partnership to noise
% New table tall with column(s) impression pork theory deadly another moral hire chill belong tell serious else palace christian mushroom spine audience evaluation basically context map pole fiber humanity forth irony piano fixed blink cigarette open life gut created
% Printed 132 matching rows from partnership
% Printed 31 matching rows from hungry
% Added 30 rows to consecutive from position 252 to 281
% Added 30 rows to storm from position 32 to 61
% Printed 0 rows from joining noise to sexy
% Table virtue deleted
% Printed 31 matching rows from hungry
% Created bst index for table gallery on column illness
% Created hash index for table sexy on column knowledge
% Created hash index for table storm on column star
% Printed 0 rows from joining gallery to noise
% Printed 1 matching rows from hungry
% Created hash index for table partnership on column disability
% Added 37 rows to tall from position 0 to 36
% Printed 282 matching rows from consecutive
% Printed 81 rows from joining sexy to storm
% Added 39 rows to consecutive from position 282 to 320
% Added 38 rows to gallery from position 0 to 37
% Printed 38 matching rows from gallery
% Added 35 rows to gallery from position 38 to 72
% Added 30 rows to noise from position 0 to 29
% Created bst index for table partnership on column slightly
% Added 31 rows to storm from position 62 to 92
% Printed 280 matching rows from sexy
% Printed 73 matching rows from gallery
% Printed 280 matching rows from sexy
% Printed 0 rows from joining hungry to noise
% Printed 521 rows from joining consecutive to consecutive
% Printed 47 rows from joining tall to sexy
% Printed 132 matching rows from partnership
% Printed 40 rows from joining hungry to sexy
% Printed 132 matching rows from partnership
% Printed 0 rows from joining storm to noise
% Printed 175 rows from joining sexy to partnership
% Printed 12 rows from joining noise to gallery
% Deleted 1 rows from consecutive
% Added 38 rows to consecutive from position 320 to 357
% Added 32 rows to storm from position 93 to 124
% Printed 11 rows from joining tall to gallery
% Printed 132 matching rows from partnership
% Deleted 15 rows from noise
% Printed 307 matching rows from consecutive
% New table mill with column(s) devote attention bullet civil reach psychological false identify dirt spending slope condition constraint alongside alike argument hers oh flour tell die changing rating fatigue psychologist cross bill formation ought crazy analysis shock rub canadian smile education legislator throw primary proceed different dealer democratic perfect emotionally below deserve ago partial definitely depression lift regard possess hire effectiveness struggle interesting detail british anybody around ego deny dad pursue whisper recession roof onion leap pepper metaphor parental govern send universal hospital entitle concentration constant describe construction temple lately technique reveal suggest created
% Printed 103 matching rows from sexy
% Printed 82 rows from joining partnership to storm
% Printed 0 rows from joining mill to noise
% Added 30 rows to consecutive from position 358 to 387
% Printed 24 rows from joining gallery to gallery
% Printed 92 rows from joining partnership to partnership
% Printed 55 rows from joining partnership to gallery
% Created bst index for table noise on column ticket
% Added 34 rows to consecutive from position 388 to 421
% Added 34 rows to gallery from position 73 to 106
% Printed 15 matching rows from noise
% Printed 28 matching rows from hungry
% Printed 1 rows from joining hungry to noise
% New table wealth with column(s) blessing triumph cloud investigator rope thought opinion similarity pitcher shout eating interpretation terrorist layer childhood ourselves porch rather tend tide security occasional teen atop baseball measure number foot liberty box architect teacher pork engagement afford theoretical image elevator achieve factor pocket orbit boyfriend relate waist hole law topic revenue strongly announcement test inspector charm outside insight married rat fly log claim steak stair feed weapon listen devil detail assembly dose civilian deposit addition history soft sibling hurt assemble spring show provided volume script prime shuttle willingness strength insurance perceived hardly direct low interfere pillow also be freely shadow energy size run productivity revolutionary pig compelling pilot birthday fog originally gather arrest trait buck others diminish sum expand pursue diabetes escape created
% Printed 0 matching rows from wealth
% Printed 132 matching rows from partnership
% Printed 0 matching rows from wealth
% Printed 37 matching rows from tall
% Printed 0 rows from joining wealth to storm
% Added 37 rows to gallery from position 107 to 143
% Deleted 94 rows from partnership
% Thanks for being silly!
